<?xml version="1.0" encoding="UTF-8"?>
<testsuite name="Login" tests="1" skipped="0" failures="0" errors="0" timestamp="2021-03-21T23:46:46" hostname="DESKTOP-CAJN6H9" time="33.885">
  <properties/>
  <testcase name="Purchase a book" classname="Login" time="33.885"/>
  <system-out><![CDATA[    ?[32mGiven ?[0m?[32mthat the User want do login in the application?[0m ?[90m# LoginDefinitions.thatTheUserWantDoLoginInTheApplication()?[0m
    ?[32mWhen ?[0m?[32mhe enter credentials?[0m                            ?[90m# LoginDefinitions.heEnterCredentials(UserData>)?[0m
    ?[32mThen ?[0m?[32mhe must access the homepage?[0m                     ?[90m# LoginDefinitions.heMustAccessTheHomepage(UserData>)?[0m

  @UserStory
  Scenario Outline: Purchase a book ?[90m# src/test/resources/features/NationalLibray.feature:24?[0m
    ?[32mWhen ?[0m?[32mhe searches a book?[0m         ?[90m# SearchDefinitions.heSearchesABook(BookData>)?[0m
    ?[32mThen ?[0m?[32mhe finds this book?[0m         ?[90m# SearchDefinitions.heFindsThisBook(BookData>)?[0m
    ?[32mAnd ?[0m?[32mhe closes the session?[0m       ?[90m# SearchDefinitions.heClosesTheSession()?[0m
]]></system-out>
  <system-err><![CDATA[mar. 21, 2021 6:46:48 P. M. org.openqa.selenium.remote.DesiredCapabilities chrome
INFO: Using `new ChromeOptions()` is preferred to `DesiredCapabilities.chrome()`
[Test worker] INFO net.serenitybdd.core.webdriver.driverproviders.ProvideNewDriver - Instantiating driver
[Test worker] INFO net.serenitybdd.core.webdriver.driverproviders.ProvideNewDriver - Driver capabilities: Capabilities {acceptInsecureCerts: false, acceptSslCerts: true, browserName: chrome, chrome.switches: --disable-extensions,--star..., goog:chromeOptions: {args: [--disable-extensions, --start-maximized, --test-type, --user-agent=New User Agent], extensions: [], prefs: {pdfjs.disabled: true, profile_default_content_settings.popups: 0}}, handlesAlerts: true, loggingPrefs: org.openqa.selenium.logging..., platform: ANY, version: }
Starting ChromeDriver 89.0.4389.23 (61b08ee2c50024bab004e48d2b1b083cdbdac579-refs/branch-heads/4389@{#294}) on port 32965
Only local connections are allowed.
Please see https://chromedriver.chromium.org/security-considerations for suggestions on keeping ChromeDriver safe.
ChromeDriver was started successfully.
mar. 21, 2021 6:46:52 P. M. org.openqa.selenium.remote.ProtocolHandshake createSession
INFO: Detected dialect: W3C
[Test worker] INFO net.thucydides.core.steps.ConsoleLoggingListener - 
        __    _____ _____ ____ _____   ____   _    ____  ____  _____ ____  
  _     \ \  |_   _| ____/ ___|_   _| |  _ \ / \  / ___|/ ___|| ____|  _ \ 
 (_)_____| |   | | |  _| \___ \ | |   | |_) / _ \ \___ \\___ \|  _| | | | |
  _|_____| |   | | | |___ ___) || |   |  __/ ___ \ ___) |___) | |___| |_| |
 (_)     | |   |_| |_____|____/ |_|   |_| /_/   \_\____/|____/|_____|____/ 
        /_/                                                                

TEST PASSED: Purchase a book
----------------------------------------------------------------------------
]]></system-err>
</testsuite>
